[ 2018-01-05T09:30:27+08:00 ] 127.0.0.1 /index.php?m=admin&c=login
INFO: [ app_init ] --START--
INFO: Run Behavior\BuildLiteBehavior [ RunTime:0.000000s ]
INFO: [ app_init ] --END-- [ RunTime:0.003001s ]
INFO: [ app_begin ] --START--
INFO: Run Behavior\ReadHtmlCacheBehavior [ RunTime:0.002000s ]
INFO: [ app_begin ] --END-- [ RunTime:0.002000s ]
INFO: [ view_parse ] --START--
INFO: [ template_filter ] --START--
INFO: Run Behavior\ContentReplaceBehavior [ RunTime:0.001000s ]
INFO: [ template_filter ] --END-- [ RunTime:0.001000s ]
INFO: Run Behavior\ParseTemplateBehavior [ RunTime:0.027001s ]
INFO: [ view_parse ] --END-- [ RunTime:0.027001s ]
INFO: [ view_filter ] --START--
INFO: Run Behavior\WriteHtmlCacheBehavior [ RunTime:0.001000s ]
INFO: [ view_filter ] --END-- [ RunTime:0.001000s ]
INFO: [ app_end ] --START--
INFO: Run Behavior\ShowPageTraceBehavior [ RunTime:0.002000s ]
INFO: [ app_end ] --END-- [ RunTime:0.002000s ]

[ 2018-01-05T09:30:35+08:00 ] 127.0.0.1 /index.php?m=admin&c=login&a=check
INFO: [ app_init ] --START--
INFO: Run Behavior\BuildLiteBehavior [ RunTime:0.000000s ]
INFO: [ app_init ] --END-- [ RunTime:0.000000s ]
INFO: [ app_begin ] --START--
INFO: Run Behavior\ReadHtmlCacheBehavior [ RunTime:0.001000s ]
INFO: [ app_begin ] --END-- [ RunTime:0.001000s ]
SQL: SHOW COLUMNS FROM `cms_admin` [ RunTime:0.0130s ]
SQL: SELECT * FROM `cms_admin` WHERE ( username="admin" ) LIMIT 1   [ RunTime:0.0010s ]

[ 2018-01-05T09:30:36+08:00 ] 127.0.0.1 /index.php?m=admin&c=index
INFO: [ app_init ] --START--
INFO: Run Behavior\BuildLiteBehavior [ RunTime:0.000000s ]
INFO: [ app_init ] --END-- [ RunTime:0.001000s ]
INFO: [ app_begin ] --START--
INFO: Run Behavior\ReadHtmlCacheBehavior [ RunTime:0.001000s ]
INFO: [ app_begin ] --END-- [ RunTime:0.001000s ]
INFO: [ view_parse ] --START--
INFO: [ template_filter ] --START--
INFO: Run Behavior\ContentReplaceBehavior [ RunTime:0.000000s ]
INFO: [ template_filter ] --END-- [ RunTime:0.000000s ]
NOTIC: [2048] Declaration of Common\Model\MenuModel::find() should be compatible with Think\Model::find($options = Array) C:\phpStudy\PHPTutorial\WWW\thinkcms\Application\Common\Model\MenuModel.class.php 第 5 行.
SQL: SHOW COLUMNS FROM `cms_menu` [ RunTime:0.0130s ]
SQL: SELECT * FROM `cms_menu` WHERE `status` <> -1 AND `type` = 1 ORDER BY listorder desc,menu_id desc  [ RunTime:0.0010s ]
NOTIC: [8] Undefined variable: admincount C:\phpStudy\PHPTutorial\WWW\thinkcms\Application\Runtime\Cache\Admin\b595b808c2ebeeeb0478ffc30bb4e87a.php 第 116 行.
NOTIC: [8] Undefined variable: newscount C:\phpStudy\PHPTutorial\WWW\thinkcms\Application\Runtime\Cache\Admin\b595b808c2ebeeeb0478ffc30bb4e87a.php 第 138 行.
NOTIC: [8] Undefined variable: news C:\phpStudy\PHPTutorial\WWW\thinkcms\Application\Runtime\Cache\Admin\b595b808c2ebeeeb0478ffc30bb4e87a.php 第 160 行.
NOTIC: [8] Undefined variable: news C:\phpStudy\PHPTutorial\WWW\thinkcms\Application\Runtime\Cache\Admin\b595b808c2ebeeeb0478ffc30bb4e87a.php 第 165 行.
NOTIC: [8] Undefined variable: news C:\phpStudy\PHPTutorial\WWW\thinkcms\Application\Runtime\Cache\Admin\b595b808c2ebeeeb0478ffc30bb4e87a.php 第 169 行.
NOTIC: [8] Undefined variable: positioncount C:\phpStudy\PHPTutorial\WWW\thinkcms\Application\Runtime\Cache\Admin\b595b808c2ebeeeb0478ffc30bb4e87a.php 第 182 行.
INFO: Run Behavior\ParseTemplateBehavior [ RunTime:0.060004s ]
INFO: [ view_parse ] --END-- [ RunTime:0.060004s ]
INFO: [ view_filter ] --START--
INFO: Run Behavior\WriteHtmlCacheBehavior [ RunTime:0.001000s ]
INFO: [ view_filter ] --END-- [ RunTime:0.001000s ]
INFO: [ app_end ] --START--
INFO: Run Behavior\ShowPageTraceBehavior [ RunTime:0.003000s ]
INFO: [ app_end ] --END-- [ RunTime:0.003000s ]

[ 2018-01-05T09:30:38+08:00 ] 127.0.0.1 /admin.php?c=content
INFO: [ app_init ] --START--
INFO: Run Behavior\BuildLiteBehavior [ RunTime:0.000000s ]
INFO: [ app_init ] --END-- [ RunTime:0.001000s ]
INFO: [ app_begin ] --START--
INFO: Run Behavior\ReadHtmlCacheBehavior [ RunTime:0.000000s ]
INFO: [ app_begin ] --END-- [ RunTime:0.001000s ]
NOTIC: [2048] Declaration of Admin\Controller\ContentController::setStatus() should be compatible with Admin\Controller\CommonController::setStatus($data, $models) C:\phpStudy\PHPTutorial\WWW\thinkcms\Application\Admin\Controller\ContentController.class.php 第 12 行.
NOTIC: [2048] Declaration of Admin\Controller\ContentController::listorder() should be compatible with Admin\Controller\CommonController::listorder($model = '') C:\phpStudy\PHPTutorial\WWW\thinkcms\Application\Admin\Controller\ContentController.class.php 第 12 行.
NOTIC: [8] Undefined index: title C:\phpStudy\PHPTutorial\WWW\thinkcms\Application\Admin\Controller\ContentController.class.php 第 16 行.
NOTIC: [8] Undefined index: catid C:\phpStudy\PHPTutorial\WWW\thinkcms\Application\Admin\Controller\ContentController.class.php 第 20 行.
NOTIC: [8] Undefined index: p C:\phpStudy\PHPTutorial\WWW\thinkcms\Application\Admin\Controller\ContentController.class.php 第 24 行.
NOTIC: [2048] Declaration of Common\Model\NewsModel::find() should be compatible with Think\Model::find($options = Array) C:\phpStudy\PHPTutorial\WWW\thinkcms\Application\Common\Model\NewsModel.class.php 第 9 行.
SQL: SHOW COLUMNS FROM `cms_news` [ RunTime:0.0150s ]
SQL: SELECT * FROM `cms_news` WHERE `status` <> -1 ORDER BY listorder desc ,news_id desc LIMIT 0,10   [ RunTime:0.0020s ]
SQL: SELECT COUNT(*) AS tp_count FROM `cms_news` WHERE `status` <> -1 LIMIT 1   [ RunTime:0.0010s ]
NOTIC: [2048] Declaration of Common\Model\PositionModel::find() should be compatible with Think\Model::find($options = Array) C:\phpStudy\PHPTutorial\WWW\thinkcms\Application\Common\Model\PositionModel.class.php 第 81 行.
SQL: SHOW COLUMNS FROM `cms_position` [ RunTime:0.0170s ]
SQL: SELECT * FROM `cms_position` WHERE `status` = 1 ORDER BY id  [ RunTime:0.0040s ]
NOTIC: [2048] Declaration of Common\Model\MenuModel::find() should be compatible with Think\Model::find($options = Array) C:\phpStudy\PHPTutorial\WWW\thinkcms\Application\Common\Model\MenuModel.class.php 第 92 行.
SQL: SHOW COLUMNS FROM `cms_menu` [ RunTime:0.0080s ]
SQL: SELECT * FROM `cms_menu` WHERE `status` = 1 AND `type` = 0 ORDER BY listorder desc,menu_id desc  [ RunTime:0.0000s ]
INFO: [ view_parse ] --START--
INFO: [ template_filter ] --START--
INFO: Run Behavior\ContentReplaceBehavior [ RunTime:0.000000s ]
INFO: [ template_filter ] --END-- [ RunTime:0.000000s ]
SQL: SELECT * FROM `cms_menu` WHERE `status` <> -1 AND `type` = 1 ORDER BY listorder desc,menu_id desc  [ RunTime:0.0010s ]
INFO: Run Behavior\ParseTemplateBehavior [ RunTime:0.023002s ]
INFO: [ view_parse ] --END-- [ RunTime:0.023002s ]
INFO: [ view_filter ] --START--
INFO: Run Behavior\WriteHtmlCacheBehavior [ RunTime:0.001000s ]
INFO: [ view_filter ] --END-- [ RunTime:0.001000s ]
INFO: [ app_end ] --START--
INFO: Run Behavior\ShowPageTraceBehavior [ RunTime:0.004000s ]
INFO: [ app_end ] --END-- [ RunTime:0.004000s ]

[ 2018-01-05T09:30:40+08:00 ] 127.0.0.1 /admin.php?c=content&a=add
INFO: [ app_init ] --START--
INFO: Run Behavior\BuildLiteBehavior [ RunTime:0.000000s ]
INFO: [ app_init ] --END-- [ RunTime:0.002000s ]
INFO: [ app_begin ] --START--
INFO: Run Behavior\ReadHtmlCacheBehavior [ RunTime:0.001000s ]
INFO: [ app_begin ] --END-- [ RunTime:0.001000s ]
NOTIC: [2048] Declaration of Admin\Controller\ContentController::setStatus() should be compatible with Admin\Controller\CommonController::setStatus($data, $models) C:\phpStudy\PHPTutorial\WWW\thinkcms\Application\Admin\Controller\ContentController.class.php 第 12 行.
NOTIC: [2048] Declaration of Admin\Controller\ContentController::listorder() should be compatible with Admin\Controller\CommonController::listorder($model = '') C:\phpStudy\PHPTutorial\WWW\thinkcms\Application\Admin\Controller\ContentController.class.php 第 12 行.
NOTIC: [2048] Declaration of Common\Model\MenuModel::find() should be compatible with Think\Model::find($options = Array) C:\phpStudy\PHPTutorial\WWW\thinkcms\Application\Common\Model\MenuModel.class.php 第 5 行.
SQL: SHOW COLUMNS FROM `cms_menu` [ RunTime:0.0120s ]
SQL: SELECT * FROM `cms_menu` WHERE `status` = 1 AND `type` = 0 ORDER BY listorder desc,menu_id desc  [ RunTime:0.0010s ]
INFO: [ view_parse ] --START--
INFO: [ template_filter ] --START--
INFO: Run Behavior\ContentReplaceBehavior [ RunTime:0.001000s ]
INFO: [ template_filter ] --END-- [ RunTime:0.001000s ]
SQL: SELECT * FROM `cms_menu` WHERE `status` <> -1 AND `type` = 1 ORDER BY listorder desc,menu_id desc  [ RunTime:0.0020s ]
INFO: Run Behavior\ParseTemplateBehavior [ RunTime:0.020001s ]
INFO: [ view_parse ] --END-- [ RunTime:0.020001s ]
INFO: [ view_filter ] --START--
INFO: Run Behavior\WriteHtmlCacheBehavior [ RunTime:0.001000s ]
INFO: [ view_filter ] --END-- [ RunTime:0.001000s ]
INFO: [ app_end ] --START--
INFO: Run Behavior\ShowPageTraceBehavior [ RunTime:0.002000s ]
INFO: [ app_end ] --END-- [ RunTime:0.002000s ]

[ 2018-01-05T09:30:43+08:00 ] 127.0.0.1 /admin.php?c=Positioncontent
INFO: [ app_init ] --START--
INFO: Run Behavior\BuildLiteBehavior [ RunTime:0.000000s ]
INFO: [ app_init ] --END-- [ RunTime:0.001000s ]
INFO: [ app_begin ] --START--
INFO: Run Behavior\ReadHtmlCacheBehavior [ RunTime:0.000000s ]
INFO: [ app_begin ] --END-- [ RunTime:0.001000s ]
NOTIC: [2048] Declaration of Admin\Controller\PositioncontentController::setStatus() should be compatible with Admin\Controller\CommonController::setStatus($data, $models) C:\phpStudy\PHPTutorial\WWW\thinkcms\Application\Admin\Controller\PositioncontentController.class.php 第 9 行.
NOTIC: [2048] Declaration of Admin\Controller\PositioncontentController::listorder() should be compatible with Admin\Controller\CommonController::listorder($model = '') C:\phpStudy\PHPTutorial\WWW\thinkcms\Application\Admin\Controller\PositioncontentController.class.php 第 9 行.
NOTIC: [2048] Declaration of Common\Model\PositionModel::find() should be compatible with Think\Model::find($options = Array) C:\phpStudy\PHPTutorial\WWW\thinkcms\Application\Common\Model\PositionModel.class.php 第 9 行.
SQL: SHOW COLUMNS FROM `cms_position` [ RunTime:0.0090s ]
SQL: SELECT * FROM `cms_position` WHERE `status` = 1 ORDER BY id  [ RunTime:0.0010s ]
NOTIC: [8] Undefined index: title C:\phpStudy\PHPTutorial\WWW\thinkcms\Application\Admin\Controller\PositioncontentController.class.php 第 14 行.
NOTIC: [8] Undefined index: position_id C:\phpStudy\PHPTutorial\WWW\thinkcms\Application\Admin\Controller\PositioncontentController.class.php 第 18 行.
NOTIC: [2048] Declaration of Common\Model\PositionContentModel::find() should be compatible with Think\Model::find($options = Array) C:\phpStudy\PHPTutorial\WWW\thinkcms\Application\Common\Model\PositionContentModel.class.php 第 89 行.
SQL: SHOW COLUMNS FROM `cms_position_content` [ RunTime:0.0090s ]
NOTIC: [8] Undefined index: title C:\phpStudy\PHPTutorial\WWW\thinkcms\Application\Common\Model\PositionContentModel.class.php 第 18 行.
SQL: SELECT * FROM `cms_position_content` WHERE `status` <> -1 AND `position_id` = 2 ORDER BY listorder desc ,id desc  [ RunTime:0.0010s ]
INFO: [ view_parse ] --START--
INFO: [ template_filter ] --START--
INFO: Run Behavior\ContentReplaceBehavior [ RunTime:0.000000s ]
INFO: [ template_filter ] --END-- [ RunTime:0.000000s ]
NOTIC: [2048] Declaration of Common\Model\MenuModel::find() should be compatible with Think\Model::find($options = Array) C:\phpStudy\PHPTutorial\WWW\thinkcms\Application\Common\Model\MenuModel.class.php 第 92 行.
SQL: SHOW COLUMNS FROM `cms_menu` [ RunTime:0.0100s ]
SQL: SELECT * FROM `cms_menu` WHERE `status` <> -1 AND `type` = 1 ORDER BY listorder desc,menu_id desc  [ RunTime:0.0010s ]
NOTIC: [8] Undefined variable: title C:\phpStudy\PHPTutorial\WWW\thinkcms\Application\Runtime\Cache\Admin\b8a8b9d170e6c07d7b463ea02385894d.php 第 121 行.
INFO: Run Behavior\ParseTemplateBehavior [ RunTime:0.031002s ]
INFO: [ view_parse ] --END-- [ RunTime:0.031002s ]
INFO: [ view_filter ] --START--
INFO: Run Behavior\WriteHtmlCacheBehavior [ RunTime:0.001000s ]
INFO: [ view_filter ] --END-- [ RunTime:0.001000s ]
INFO: [ app_end ] --START--
INFO: Run Behavior\ShowPageTraceBehavior [ RunTime:0.001000s ]
INFO: [ app_end ] --END-- [ RunTime:0.001000s ]

[ 2018-01-05T09:30:44+08:00 ] 127.0.0.1 /admin.php?c=Position
INFO: [ app_init ] --START--
INFO: Run Behavior\BuildLiteBehavior [ RunTime:0.000000s ]
INFO: [ app_init ] --END-- [ RunTime:0.000000s ]
INFO: [ app_begin ] --START--
INFO: Run Behavior\ReadHtmlCacheBehavior [ RunTime:0.001000s ]
INFO: [ app_begin ] --END-- [ RunTime:0.001000s ]
NOTIC: [2048] Declaration of Admin\Controller\PositionController::setStatus() should be compatible with Admin\Controller\CommonController::setStatus($data, $models) C:\phpStudy\PHPTutorial\WWW\thinkcms\Application\Admin\Controller\PositionController.class.php 第 7 行.
NOTIC: [2048] Declaration of Common\Model\PositionModel::find() should be compatible with Think\Model::find($options = Array) C:\phpStudy\PHPTutorial\WWW\thinkcms\Application\Common\Model\PositionModel.class.php 第 9 行.
SQL: SHOW COLUMNS FROM `cms_position` [ RunTime:0.0100s ]
SQL: SELECT * FROM `cms_position` WHERE `status` <> -1 ORDER BY id  [ RunTime:0.0010s ]
INFO: [ view_parse ] --START--
INFO: [ template_filter ] --START--
INFO: Run Behavior\ContentReplaceBehavior [ RunTime:0.000000s ]
INFO: [ template_filter ] --END-- [ RunTime:0.000000s ]
NOTIC: [2048] Declaration of Common\Model\MenuModel::find() should be compatible with Think\Model::find($options = Array) C:\phpStudy\PHPTutorial\WWW\thinkcms\Application\Common\Model\MenuModel.class.php 第 92 行.
SQL: SHOW COLUMNS FROM `cms_menu` [ RunTime:0.0110s ]
SQL: SELECT * FROM `cms_menu` WHERE `status` <> -1 AND `type` = 1 ORDER BY listorder desc,menu_id desc  [ RunTime:0.0000s ]
NOTIC: [8] Array to string conversion C:\phpStudy\PHPTutorial\WWW\thinkcms\Application\Runtime\Cache\Admin\3a437f75b5b60a521a3ad0fc93a5ab5f.php 第 97 行.
INFO: Run Behavior\ParseTemplateBehavior [ RunTime:0.034002s ]
INFO: [ view_parse ] --END-- [ RunTime:0.034002s ]
INFO: [ view_filter ] --START--
INFO: Run Behavior\WriteHtmlCacheBehavior [ RunTime:0.001000s ]
INFO: [ view_filter ] --END-- [ RunTime:0.001000s ]
INFO: [ app_end ] --START--
INFO: Run Behavior\ShowPageTraceBehavior [ RunTime:0.001000s ]
INFO: [ app_end ] --END-- [ RunTime:0.001000s ]

[ 2018-01-05T09:30:51+08:00 ] 127.0.0.1 /admin.php?c=position&a=add
INFO: [ app_init ] --START--
INFO: Run Behavior\BuildLiteBehavior [ RunTime:0.000000s ]
INFO: [ app_init ] --END-- [ RunTime:0.000000s ]
INFO: [ app_begin ] --START--
INFO: Run Behavior\ReadHtmlCacheBehavior [ RunTime:0.001000s ]
INFO: [ app_begin ] --END-- [ RunTime:0.001000s ]
NOTIC: [2048] Declaration of Admin\Controller\PositionController::setStatus() should be compatible with Admin\Controller\CommonController::setStatus($data, $models) C:\phpStudy\PHPTutorial\WWW\thinkcms\Application\Admin\Controller\PositionController.class.php 第 7 行.
INFO: [ view_parse ] --START--
INFO: [ template_filter ] --START--
INFO: Run Behavior\ContentReplaceBehavior [ RunTime:0.000000s ]
INFO: [ template_filter ] --END-- [ RunTime:0.000000s ]
NOTIC: [2048] Declaration of Common\Model\MenuModel::find() should be compatible with Think\Model::find($options = Array) C:\phpStudy\PHPTutorial\WWW\thinkcms\Application\Common\Model\MenuModel.class.php 第 5 行.
SQL: SHOW COLUMNS FROM `cms_menu` [ RunTime:0.0140s ]
SQL: SELECT * FROM `cms_menu` WHERE `status` <> -1 AND `type` = 1 ORDER BY listorder desc,menu_id desc  [ RunTime:0.0010s ]
INFO: Run Behavior\ParseTemplateBehavior [ RunTime:0.051003s ]
INFO: [ view_parse ] --END-- [ RunTime:0.051003s ]
INFO: [ view_filter ] --START--
INFO: Run Behavior\WriteHtmlCacheBehavior [ RunTime:0.001000s ]
INFO: [ view_filter ] --END-- [ RunTime:0.001000s ]
INFO: [ app_end ] --START--
INFO: Run Behavior\ShowPageTraceBehavior [ RunTime:0.001000s ]
INFO: [ app_end ] --END-- [ RunTime:0.001000s ]

[ 2018-01-05T09:31:02+08:00 ] 127.0.0.1 /admin.php?c=position&a=add
INFO: [ app_init ] --START--
INFO: Run Behavior\BuildLiteBehavior [ RunTime:0.000000s ]
INFO: [ app_init ] --END-- [ RunTime:0.002000s ]
INFO: [ app_begin ] --START--
INFO: Run Behavior\ReadHtmlCacheBehavior [ RunTime:0.000000s ]
INFO: [ app_begin ] --END-- [ RunTime:0.000000s ]
NOTIC: [2048] Declaration of Admin\Controller\PositionController::setStatus() should be compatible with Admin\Controller\CommonController::setStatus($data, $models) C:\phpStudy\PHPTutorial\WWW\thinkcms\Application\Admin\Controller\PositionController.class.php 第 7 行.
NOTIC: [8] Undefined index: id C:\phpStudy\PHPTutorial\WWW\thinkcms\Application\Admin\Controller\PositionController.class.php 第 25 行.
NOTIC: [2048] Declaration of Common\Model\PositionModel::find() should be compatible with Think\Model::find($options = Array) C:\phpStudy\PHPTutorial\WWW\thinkcms\Application\Common\Model\PositionModel.class.php 第 9 行.
SQL: SHOW COLUMNS FROM `cms_position` [ RunTime:0.0090s ]
SQL: INSERT INTO `cms_position` (`name`,`description`,`status`,`create_time`) VALUES ('右侧广告位','广告位','1','1515115862') [ RunTime:0.0010s ]

[ 2018-01-05T09:31:03+08:00 ] 127.0.0.1 /admin.php?c=position
INFO: [ app_init ] --START--
INFO: Run Behavior\BuildLiteBehavior [ RunTime:0.000000s ]
INFO: [ app_init ] --END-- [ RunTime:0.002000s ]
INFO: [ app_begin ] --START--
INFO: Run Behavior\ReadHtmlCacheBehavior [ RunTime:0.001000s ]
INFO: [ app_begin ] --END-- [ RunTime:0.001000s ]
NOTIC: [2048] Declaration of Admin\Controller\PositionController::setStatus() should be compatible with Admin\Controller\CommonController::setStatus($data, $models) C:\phpStudy\PHPTutorial\WWW\thinkcms\Application\Admin\Controller\PositionController.class.php 第 7 行.
NOTIC: [2048] Declaration of Common\Model\PositionModel::find() should be compatible with Think\Model::find($options = Array) C:\phpStudy\PHPTutorial\WWW\thinkcms\Application\Common\Model\PositionModel.class.php 第 9 行.
SQL: SHOW COLUMNS FROM `cms_position` [ RunTime:0.0110s ]
SQL: SELECT * FROM `cms_position` WHERE `status` <> -1 ORDER BY id  [ RunTime:0.0010s ]
INFO: [ view_parse ] --START--
INFO: [ template_filter ] --START--
INFO: Run Behavior\ContentReplaceBehavior [ RunTime:0.000000s ]
INFO: [ template_filter ] --END-- [ RunTime:0.000000s ]
NOTIC: [2048] Declaration of Common\Model\MenuModel::find() should be compatible with Think\Model::find($options = Array) C:\phpStudy\PHPTutorial\WWW\thinkcms\Application\Common\Model\MenuModel.class.php 第 92 行.
SQL: SHOW COLUMNS FROM `cms_menu` [ RunTime:0.0170s ]
SQL: SELECT * FROM `cms_menu` WHERE `status` <> -1 AND `type` = 1 ORDER BY listorder desc,menu_id desc  [ RunTime:0.0020s ]
NOTIC: [8] Array to string conversion C:\phpStudy\PHPTutorial\WWW\thinkcms\Application\Runtime\Cache\Admin\3a437f75b5b60a521a3ad0fc93a5ab5f.php 第 97 行.
INFO: Run Behavior\ParseTemplateBehavior [ RunTime:0.036003s ]
INFO: [ view_parse ] --END-- [ RunTime:0.036003s ]
INFO: [ view_filter ] --START--
INFO: Run Behavior\WriteHtmlCacheBehavior [ RunTime:0.001000s ]
INFO: [ view_filter ] --END-- [ RunTime:0.001000s ]
INFO: [ app_end ] --START--
INFO: Run Behavior\ShowPageTraceBehavior [ RunTime:0.001000s ]
INFO: [ app_end ] --END-- [ RunTime:0.001000s ]

[ 2018-01-05T10:31:16+08:00 ] 127.0.0.1 /admin.php?c=position
INFO: [ app_init ] --START--
INFO: Run Behavior\BuildLiteBehavior [ RunTime:0.000000s ]
INFO: [ app_init ] --END-- [ RunTime:0.002000s ]
INFO: [ app_begin ] --START--
INFO: Run Behavior\ReadHtmlCacheBehavior [ RunTime:0.002000s ]
INFO: [ app_begin ] --END-- [ RunTime:0.002000s ]
NOTIC: [2048] Declaration of Admin\Controller\PositionController::setStatus() should be compatible with Admin\Controller\CommonController::setStatus($data, $models) C:\phpStudy\PHPTutorial\WWW\thinkcms\Application\Admin\Controller\PositionController.class.php 第 7 行.
NOTIC: [2048] Declaration of Common\Model\PositionModel::find() should be compatible with Think\Model::find($options = Array) C:\phpStudy\PHPTutorial\WWW\thinkcms\Application\Common\Model\PositionModel.class.php 第 9 行.
SQL: SHOW COLUMNS FROM `cms_position` [ RunTime:0.0260s ]
SQL: SELECT * FROM `cms_position` WHERE `status` <> -1 ORDER BY id  [ RunTime:0.0020s ]
INFO: [ view_parse ] --START--
INFO: [ template_filter ] --START--
INFO: Run Behavior\ContentReplaceBehavior [ RunTime:0.000000s ]
INFO: [ template_filter ] --END-- [ RunTime:0.001000s ]
NOTIC: [2048] Declaration of Common\Model\MenuModel::find() should be compatible with Think\Model::find($options = Array) C:\phpStudy\PHPTutorial\WWW\thinkcms\Application\Common\Model\MenuModel.class.php 第 92 行.
SQL: SHOW COLUMNS FROM `cms_menu` [ RunTime:0.0520s ]
SQL: SELECT * FROM `cms_menu` WHERE `status` <> -1 AND `type` = 1 ORDER BY listorder desc,menu_id desc  [ RunTime:0.0010s ]
NOTIC: [8] Array to string conversion C:\phpStudy\PHPTutorial\WWW\thinkcms\Application\Runtime\Cache\Admin\3a437f75b5b60a521a3ad0fc93a5ab5f.php 第 97 行.
INFO: Run Behavior\ParseTemplateBehavior [ RunTime:0.119007s ]
INFO: [ view_parse ] --END-- [ RunTime:0.119007s ]
INFO: [ view_filter ] --START--
INFO: Run Behavior\WriteHtmlCacheBehavior [ RunTime:0.001000s ]
INFO: [ view_filter ] --END-- [ RunTime:0.001000s ]
INFO: [ app_end ] --START--
INFO: Run Behavior\ShowPageTraceBehavior [ RunTime:0.002000s ]
INFO: [ app_end ] --END-- [ RunTime:0.002000s ]

[ 2018-01-05T10:31:18+08:00 ] 127.0.0.1 /admin.php?c=content
INFO: [ app_init ] --START--
INFO: Run Behavior\BuildLiteBehavior [ RunTime:0.000000s ]
INFO: [ app_init ] --END-- [ RunTime:0.001000s ]
INFO: [ app_begin ] --START--
INFO: Run Behavior\ReadHtmlCacheBehavior [ RunTime:0.001000s ]
INFO: [ app_begin ] --END-- [ RunTime:0.001000s ]
NOTIC: [2048] Declaration of Admin\Controller\ContentController::setStatus() should be compatible with Admin\Controller\CommonController::setStatus($data, $models) C:\phpStudy\PHPTutorial\WWW\thinkcms\Application\Admin\Controller\ContentController.class.php 第 12 行.
NOTIC: [2048] Declaration of Admin\Controller\ContentController::listorder() should be compatible with Admin\Controller\CommonController::listorder($model = '') C:\phpStudy\PHPTutorial\WWW\thinkcms\Application\Admin\Controller\ContentController.class.php 第 12 行.
NOTIC: [8] Undefined index: title C:\phpStudy\PHPTutorial\WWW\thinkcms\Application\Admin\Controller\ContentController.class.php 第 16 行.
NOTIC: [8] Undefined index: catid C:\phpStudy\PHPTutorial\WWW\thinkcms\Application\Admin\Controller\ContentController.class.php 第 20 行.
NOTIC: [8] Undefined index: p C:\phpStudy\PHPTutorial\WWW\thinkcms\Application\Admin\Controller\ContentController.class.php 第 24 行.
NOTIC: [2048] Declaration of Common\Model\NewsModel::find() should be compatible with Think\Model::find($options = Array) C:\phpStudy\PHPTutorial\WWW\thinkcms\Application\Common\Model\NewsModel.class.php 第 9 行.
SQL: SHOW COLUMNS FROM `cms_news` [ RunTime:0.0260s ]
SQL: SELECT * FROM `cms_news` WHERE `status` <> -1 ORDER BY listorder desc ,news_id desc LIMIT 0,10   [ RunTime:0.0020s ]
SQL: SELECT COUNT(*) AS tp_count FROM `cms_news` WHERE `status` <> -1 LIMIT 1   [ RunTime:0.0000s ]
NOTIC: [2048] Declaration of Common\Model\PositionModel::find() should be compatible with Think\Model::find($options = Array) C:\phpStudy\PHPTutorial\WWW\thinkcms\Application\Common\Model\PositionModel.class.php 第 81 行.
SQL: SHOW COLUMNS FROM `cms_position` [ RunTime:0.0400s ]
SQL: SELECT * FROM `cms_position` WHERE `status` = 1 ORDER BY id  [ RunTime:0.0000s ]
NOTIC: [2048] Declaration of Common\Model\MenuModel::find() should be compatible with Think\Model::find($options = Array) C:\phpStudy\PHPTutorial\WWW\thinkcms\Application\Common\Model\MenuModel.class.php 第 92 行.
SQL: SHOW COLUMNS FROM `cms_menu` [ RunTime:0.0130s ]
SQL: SELECT * FROM `cms_menu` WHERE `status` = 1 AND `type` = 0 ORDER BY listorder desc,menu_id desc  [ RunTime:0.0010s ]
INFO: [ view_parse ] --START--
INFO: [ template_filter ] --START--
INFO: Run Behavior\ContentReplaceBehavior [ RunTime:0.000000s ]
INFO: [ template_filter ] --END-- [ RunTime:0.000000s ]
SQL: SELECT * FROM `cms_menu` WHERE `status` <> -1 AND `type` = 1 ORDER BY listorder desc,menu_id desc  [ RunTime:0.0010s ]
INFO: Run Behavior\ParseTemplateBehavior [ RunTime:0.031002s ]
INFO: [ view_parse ] --END-- [ RunTime:0.031002s ]
INFO: [ view_filter ] --START--
INFO: Run Behavior\WriteHtmlCacheBehavior [ RunTime:0.001000s ]
INFO: [ view_filter ] --END-- [ RunTime:0.001000s ]
INFO: [ app_end ] --START--
INFO: Run Behavior\ShowPageTraceBehavior [ RunTime:0.001000s ]
INFO: [ app_end ] --END-- [ RunTime:0.001000s ]

[ 2018-01-05T10:31:23+08:00 ] 127.0.0.1 /admin.php?catid=14&c=content&a=index&title=
INFO: [ app_init ] --START--
INFO: Run Behavior\BuildLiteBehavior [ RunTime:0.000000s ]
INFO: [ app_init ] --END-- [ RunTime:0.001001s ]
INFO: [ app_begin ] --START--
INFO: Run Behavior\ReadHtmlCacheBehavior [ RunTime:0.002000s ]
INFO: [ app_begin ] --END-- [ RunTime:0.002000s ]
NOTIC: [2048] Declaration of Admin\Controller\ContentController::setStatus() should be compatible with Admin\Controller\CommonController::setStatus($data, $models) C:\phpStudy\PHPTutorial\WWW\thinkcms\Application\Admin\Controller\ContentController.class.php 第 12 行.
NOTIC: [2048] Declaration of Admin\Controller\ContentController::listorder() should be compatible with Admin\Controller\CommonController::listorder($model = '') C:\phpStudy\PHPTutorial\WWW\thinkcms\Application\Admin\Controller\ContentController.class.php 第 12 行.
NOTIC: [8] Undefined index: p C:\phpStudy\PHPTutorial\WWW\thinkcms\Application\Admin\Controller\ContentController.class.php 第 24 行.
NOTIC: [2048] Declaration of Common\Model\NewsModel::find() should be compatible with Think\Model::find($options = Array) C:\phpStudy\PHPTutorial\WWW\thinkcms\Application\Common\Model\NewsModel.class.php 第 9 行.
SQL: SHOW COLUMNS FROM `cms_news` [ RunTime:0.0380s ]
SQL: SELECT * FROM `cms_news` WHERE `catid` = 14 AND `status` <> -1 ORDER BY listorder desc ,news_id desc LIMIT 0,10   [ RunTime:0.0030s ]
SQL: SELECT COUNT(*) AS tp_count FROM `cms_news` WHERE `catid` = 14 AND `status` <> -1 LIMIT 1   [ RunTime:0.0010s ]
NOTIC: [2048] Declaration of Common\Model\PositionModel::find() should be compatible with Think\Model::find($options = Array) C:\phpStudy\PHPTutorial\WWW\thinkcms\Application\Common\Model\PositionModel.class.php 第 81 行.
SQL: SHOW COLUMNS FROM `cms_position` [ RunTime:0.0190s ]
SQL: SELECT * FROM `cms_position` WHERE `status` = 1 ORDER BY id  [ RunTime:0.0010s ]
NOTIC: [2048] Declaration of Common\Model\MenuModel::find() should be compatible with Think\Model::find($options = Array) C:\phpStudy\PHPTutorial\WWW\thinkcms\Application\Common\Model\MenuModel.class.php 第 92 行.
SQL: SHOW COLUMNS FROM `cms_menu` [ RunTime:0.0400s ]
SQL: SELECT * FROM `cms_menu` WHERE `status` = 1 AND `type` = 0 ORDER BY listorder desc,menu_id desc  [ RunTime:0.0020s ]
INFO: [ view_parse ] --START--
INFO: [ template_filter ] --START--
INFO: Run Behavior\ContentReplaceBehavior [ RunTime:0.001000s ]
INFO: [ template_filter ] --END-- [ RunTime:0.001000s ]
SQL: SELECT * FROM `cms_menu` WHERE `status` <> -1 AND `type` = 1 ORDER BY listorder desc,menu_id desc  [ RunTime:0.0030s ]
INFO: Run Behavior\ParseTemplateBehavior [ RunTime:0.048003s ]
INFO: [ view_parse ] --END-- [ RunTime:0.049003s ]
INFO: [ view_filter ] --START--
INFO: Run Behavior\WriteHtmlCacheBehavior [ RunTime:0.003000s ]
INFO: [ view_filter ] --END-- [ RunTime:0.003000s ]
INFO: [ app_end ] --START--
INFO: Run Behavior\ShowPageTraceBehavior [ RunTime:0.002000s ]
INFO: [ app_end ] --END-- [ RunTime:0.002000s ]

[ 2018-01-05T10:31:27+08:00 ] 127.0.0.1 /admin.php?catid=3&c=content&a=index&title=
INFO: [ app_init ] --START--
INFO: Run Behavior\BuildLiteBehavior [ RunTime:0.000000s ]
INFO: [ app_init ] --END-- [ RunTime:0.001000s ]
INFO: [ app_begin ] --START--
INFO: Run Behavior\ReadHtmlCacheBehavior [ RunTime:0.001000s ]
INFO: [ app_begin ] --END-- [ RunTime:0.001000s ]
NOTIC: [2048] Declaration of Admin\Controller\ContentController::setStatus() should be compatible with Admin\Controller\CommonController::setStatus($data, $models) C:\phpStudy\PHPTutorial\WWW\thinkcms\Application\Admin\Controller\ContentController.class.php 第 12 行.
NOTIC: [2048] Declaration of Admin\Controller\ContentController::listorder() should be compatible with Admin\Controller\CommonController::listorder($model = '') C:\phpStudy\PHPTutorial\WWW\thinkcms\Application\Admin\Controller\ContentController.class.php 第 12 行.
NOTIC: [8] Undefined index: p C:\phpStudy\PHPTutorial\WWW\thinkcms\Application\Admin\Controller\ContentController.class.php 第 24 行.
NOTIC: [2048] Declaration of Common\Model\NewsModel::find() should be compatible with Think\Model::find($options = Array) C:\phpStudy\PHPTutorial\WWW\thinkcms\Application\Common\Model\NewsModel.class.php 第 9 行.
SQL: SHOW COLUMNS FROM `cms_news` [ RunTime:0.0190s ]
SQL: SELECT * FROM `cms_news` WHERE `catid` = 3 AND `status` <> -1 ORDER BY listorder desc ,news_id desc LIMIT 0,10   [ RunTime:0.0010s ]
SQL: SELECT COUNT(*) AS tp_count FROM `cms_news` WHERE `catid` = 3 AND `status` <> -1 LIMIT 1   [ RunTime:0.0010s ]
NOTIC: [2048] Declaration of Common\Model\PositionModel::find() should be compatible with Think\Model::find($options = Array) C:\phpStudy\PHPTutorial\WWW\thinkcms\Application\Common\Model\PositionModel.class.php 第 81 行.
SQL: SHOW COLUMNS FROM `cms_position` [ RunTime:0.0090s ]
SQL: SELECT * FROM `cms_position` WHERE `status` = 1 ORDER BY id  [ RunTime:0.0010s ]
NOTIC: [2048] Declaration of Common\Model\MenuModel::find() should be compatible with Think\Model::find($options = Array) C:\phpStudy\PHPTutorial\WWW\thinkcms\Application\Common\Model\MenuModel.class.php 第 92 行.
SQL: SHOW COLUMNS FROM `cms_menu` [ RunTime:0.0090s ]
SQL: SELECT * FROM `cms_menu` WHERE `status` = 1 AND `type` = 0 ORDER BY listorder desc,menu_id desc  [ RunTime:0.0010s ]
INFO: [ view_parse ] --START--
INFO: [ template_filter ] --START--
INFO: Run Behavior\ContentReplaceBehavior [ RunTime:0.000000s ]
INFO: [ template_filter ] --END-- [ RunTime:0.000000s ]
SQL: SELECT * FROM `cms_menu` WHERE `status` <> -1 AND `type` = 1 ORDER BY listorder desc,menu_id desc  [ RunTime:0.0010s ]
INFO: Run Behavior\ParseTemplateBehavior [ RunTime:0.026002s ]
INFO: [ view_parse ] --END-- [ RunTime:0.026002s ]
INFO: [ view_filter ] --START--
INFO: Run Behavior\WriteHtmlCacheBehavior [ RunTime:0.001000s ]
INFO: [ view_filter ] --END-- [ RunTime:0.001000s ]
INFO: [ app_end ] --START--
INFO: Run Behavior\ShowPageTraceBehavior [ RunTime:0.001000s ]
INFO: [ app_end ] --END-- [ RunTime:0.001000s ]

[ 2018-01-05T10:31:29+08:00 ] 127.0.0.1 /admin.php?catid=12&c=content&a=index&title=
INFO: [ app_init ] --START--
INFO: Run Behavior\BuildLiteBehavior [ RunTime:0.000000s ]
INFO: [ app_init ] --END-- [ RunTime:0.001000s ]
INFO: [ app_begin ] --START--
INFO: Run Behavior\ReadHtmlCacheBehavior [ RunTime:0.000000s ]
INFO: [ app_begin ] --END-- [ RunTime:0.000000s ]
NOTIC: [2048] Declaration of Admin\Controller\ContentController::setStatus() should be compatible with Admin\Controller\CommonController::setStatus($data, $models) C:\phpStudy\PHPTutorial\WWW\thinkcms\Application\Admin\Controller\ContentController.class.php 第 12 行.
NOTIC: [2048] Declaration of Admin\Controller\ContentController::listorder() should be compatible with Admin\Controller\CommonController::listorder($model = '') C:\phpStudy\PHPTutorial\WWW\thinkcms\Application\Admin\Controller\ContentController.class.php 第 12 行.
NOTIC: [8] Undefined index: p C:\phpStudy\PHPTutorial\WWW\thinkcms\Application\Admin\Controller\ContentController.class.php 第 24 行.
NOTIC: [2048] Declaration of Common\Model\NewsModel::find() should be compatible with Think\Model::find($options = Array) C:\phpStudy\PHPTutorial\WWW\thinkcms\Application\Common\Model\NewsModel.class.php 第 9 行.
SQL: SHOW COLUMNS FROM `cms_news` [ RunTime:0.0270s ]
SQL: SELECT * FROM `cms_news` WHERE `catid` = 12 AND `status` <> -1 ORDER BY listorder desc ,news_id desc LIMIT 0,10   [ RunTime:0.0010s ]
SQL: SELECT COUNT(*) AS tp_count FROM `cms_news` WHERE `catid` = 12 AND `status` <> -1 LIMIT 1   [ RunTime:0.0040s ]
NOTIC: [2048] Declaration of Common\Model\PositionModel::find() should be compatible with Think\Model::find($options = Array) C:\phpStudy\PHPTutorial\WWW\thinkcms\Application\Common\Model\PositionModel.class.php 第 81 行.
SQL: SHOW COLUMNS FROM `cms_position` [ RunTime:0.0110s ]
SQL: SELECT * FROM `cms_position` WHERE `status` = 1 ORDER BY id  [ RunTime:0.0000s ]
NOTIC: [2048] Declaration of Common\Model\MenuModel::find() should be compatible with Think\Model::find($options = Array) C:\phpStudy\PHPTutorial\WWW\thinkcms\Application\Common\Model\MenuModel.class.php 第 92 行.
SQL: SHOW COLUMNS FROM `cms_menu` [ RunTime:0.0080s ]
SQL: SELECT * FROM `cms_menu` WHERE `status` = 1 AND `type` = 0 ORDER BY listorder desc,menu_id desc  [ RunTime:0.0010s ]
INFO: [ view_parse ] --START--
INFO: [ template_filter ] --START--
INFO: Run Behavior\ContentReplaceBehavior [ RunTime:0.000000s ]
INFO: [ template_filter ] --END-- [ RunTime:0.000000s ]
SQL: SELECT * FROM `cms_menu` WHERE `status` <> -1 AND `type` = 1 ORDER BY listorder desc,menu_id desc  [ RunTime:0.0020s ]
INFO: Run Behavior\ParseTemplateBehavior [ RunTime:0.019001s ]
INFO: [ view_parse ] --END-- [ RunTime:0.019001s ]
INFO: [ view_filter ] --START--
INFO: Run Behavior\WriteHtmlCacheBehavior [ RunTime:0.001000s ]
INFO: [ view_filter ] --END-- [ RunTime:0.001000s ]
INFO: [ app_end ] --START--
INFO: Run Behavior\ShowPageTraceBehavior [ RunTime:0.000000s ]
INFO: [ app_end ] --END-- [ RunTime:0.000000s ]

[ 2018-01-05T10:31:32+08:00 ] 127.0.0.1 /admin.php?c=basic
INFO: [ app_init ] --START--
INFO: Run Behavior\BuildLiteBehavior [ RunTime:0.000000s ]
INFO: [ app_init ] --END-- [ RunTime:0.001000s ]
INFO: [ app_begin ] --START--
INFO: Run Behavior\ReadHtmlCacheBehavior [ RunTime:0.001000s ]
INFO: [ app_begin ] --END-- [ RunTime:0.001000s ]
NOTIC: [2048] Declaration of Common\Model\BasicModel::save() should be compatible with Think\Model::save($data = '', $options = Array) C:\phpStudy\PHPTutorial\WWW\thinkcms\Application\Common\Model\BasicModel.class.php 第 9 行.
NOTIC: [2048] Declaration of Common\Model\BasicModel::select() should be compatible with Think\Model::select($options = Array) C:\phpStudy\PHPTutorial\WWW\thinkcms\Application\Common\Model\BasicModel.class.php 第 9 行.
INFO: [ view_parse ] --START--
INFO: [ template_filter ] --START--
INFO: Run Behavior\ContentReplaceBehavior [ RunTime:0.000000s ]
INFO: [ template_filter ] --END-- [ RunTime:0.000000s ]
NOTIC: [2048] Declaration of Common\Model\MenuModel::find() should be compatible with Think\Model::find($options = Array) C:\phpStudy\PHPTutorial\WWW\thinkcms\Application\Common\Model\MenuModel.class.php 第 92 行.
SQL: SHOW COLUMNS FROM `cms_menu` [ RunTime:0.0110s ]
SQL: SELECT * FROM `cms_menu` WHERE `status` <> -1 AND `type` = 1 ORDER BY listorder desc,menu_id desc  [ RunTime:0.0000s ]
INFO: Run Behavior\ParseTemplateBehavior [ RunTime:0.049003s ]
INFO: [ view_parse ] --END-- [ RunTime:0.049003s ]
INFO: [ view_filter ] --START--
INFO: Run Behavior\WriteHtmlCacheBehavior [ RunTime:0.000000s ]
INFO: [ view_filter ] --END-- [ RunTime:0.000000s ]
INFO: [ app_end ] --START--
INFO: Run Behavior\ShowPageTraceBehavior [ RunTime:0.001000s ]
INFO: [ app_end ] --END-- [ RunTime:0.001000s ]

[ 2018-01-05T10:31:34+08:00 ] 127.0.0.1 /admin.php?c=Positioncontent
INFO: [ app_init ] --START--
INFO: Run Behavior\BuildLiteBehavior [ RunTime:0.000000s ]
INFO: [ app_init ] --END-- [ RunTime:0.000000s ]
INFO: [ app_begin ] --START--
INFO: Run Behavior\ReadHtmlCacheBehavior [ RunTime:0.001000s ]
INFO: [ app_begin ] --END-- [ RunTime:0.001000s ]
NOTIC: [2048] Declaration of Admin\Controller\PositioncontentController::setStatus() should be compatible with Admin\Controller\CommonController::setStatus($data, $models) C:\phpStudy\PHPTutorial\WWW\thinkcms\Application\Admin\Controller\PositioncontentController.class.php 第 9 行.
NOTIC: [2048] Declaration of Admin\Controller\PositioncontentController::listorder() should be compatible with Admin\Controller\CommonController::listorder($model = '') C:\phpStudy\PHPTutorial\WWW\thinkcms\Application\Admin\Controller\PositioncontentController.class.php 第 9 行.
NOTIC: [2048] Declaration of Common\Model\PositionModel::find() should be compatible with Think\Model::find($options = Array) C:\phpStudy\PHPTutorial\WWW\thinkcms\Application\Common\Model\PositionModel.class.php 第 9 行.
SQL: SHOW COLUMNS FROM `cms_position` [ RunTime:0.0100s ]
SQL: SELECT * FROM `cms_position` WHERE `status` = 1 ORDER BY id  [ RunTime:0.0010s ]
NOTIC: [8] Undefined index: title C:\phpStudy\PHPTutorial\WWW\thinkcms\Application\Admin\Controller\PositioncontentController.class.php 第 14 行.
NOTIC: [8] Undefined index: position_id C:\phpStudy\PHPTutorial\WWW\thinkcms\Application\Admin\Controller\PositioncontentController.class.php 第 18 行.
NOTIC: [2048] Declaration of Common\Model\PositionContentModel::find() should be compatible with Think\Model::find($options = Array) C:\phpStudy\PHPTutorial\WWW\thinkcms\Application\Common\Model\PositionContentModel.class.php 第 89 行.
SQL: SHOW COLUMNS FROM `cms_position_content` [ RunTime:0.0080s ]
NOTIC: [8] Undefined index: title C:\phpStudy\PHPTutorial\WWW\thinkcms\Application\Common\Model\PositionContentModel.class.php 第 18 行.
SQL: SELECT * FROM `cms_position_content` WHERE `status` <> -1 AND `position_id` = 2 ORDER BY listorder desc ,id desc  [ RunTime:0.0000s ]
INFO: [ view_parse ] --START--
INFO: [ template_filter ] --START--
INFO: Run Behavior\ContentReplaceBehavior [ RunTime:0.000000s ]
INFO: [ template_filter ] --END-- [ RunTime:0.000000s ]
NOTIC: [2048] Declaration of Common\Model\MenuModel::find() should be compatible with Think\Model::find($options = Array) C:\phpStudy\PHPTutorial\WWW\thinkcms\Application\Common\Model\MenuModel.class.php 第 92 行.
SQL: SHOW COLUMNS FROM `cms_menu` [ RunTime:0.0150s ]
SQL: SELECT * FROM `cms_menu` WHERE `status` <> -1 AND `type` = 1 ORDER BY listorder desc,menu_id desc  [ RunTime:0.0010s ]
NOTIC: [8] Undefined variable: title C:\phpStudy\PHPTutorial\WWW\thinkcms\Application\Runtime\Cache\Admin\b8a8b9d170e6c07d7b463ea02385894d.php 第 121 行.
INFO: Run Behavior\ParseTemplateBehavior [ RunTime:0.035002s ]
INFO: [ view_parse ] --END-- [ RunTime:0.035002s ]
INFO: [ view_filter ] --START--
INFO: Run Behavior\WriteHtmlCacheBehavior [ RunTime:0.001000s ]
INFO: [ view_filter ] --END-- [ RunTime:0.001000s ]
INFO: [ app_end ] --START--
INFO: Run Behavior\ShowPageTraceBehavior [ RunTime:0.001000s ]
INFO: [ app_end ] --END-- [ RunTime:0.001000s ]

[ 2018-01-05T10:31:34+08:00 ] 127.0.0.1 /admin.php?c=Position
INFO: [ app_init ] --START--
INFO: Run Behavior\BuildLiteBehavior [ RunTime:0.000000s ]
INFO: [ app_init ] --END-- [ RunTime:0.001000s ]
INFO: [ app_begin ] --START--
INFO: Run Behavior\ReadHtmlCacheBehavior [ RunTime:0.001000s ]
INFO: [ app_begin ] --END-- [ RunTime:0.001000s ]
NOTIC: [2048] Declaration of Admin\Controller\PositionController::setStatus() should be compatible with Admin\Controller\CommonController::setStatus($data, $models) C:\phpStudy\PHPTutorial\WWW\thinkcms\Application\Admin\Controller\PositionController.class.php 第 7 行.
NOTIC: [2048] Declaration of Common\Model\PositionModel::find() should be compatible with Think\Model::find($options = Array) C:\phpStudy\PHPTutorial\WWW\thinkcms\Application\Common\Model\PositionModel.class.php 第 9 行.
SQL: SHOW COLUMNS FROM `cms_position` [ RunTime:0.0110s ]
SQL: SELECT * FROM `cms_position` WHERE `status` <> -1 ORDER BY id  [ RunTime:0.0010s ]
INFO: [ view_parse ] --START--
INFO: [ template_filter ] --START--
INFO: Run Behavior\ContentReplaceBehavior [ RunTime:0.000000s ]
INFO: [ template_filter ] --END-- [ RunTime:0.000000s ]
NOTIC: [2048] Declaration of Common\Model\MenuModel::find() should be compatible with Think\Model::find($options = Array) C:\phpStudy\PHPTutorial\WWW\thinkcms\Application\Common\Model\MenuModel.class.php 第 92 行.
SQL: SHOW COLUMNS FROM `cms_menu` [ RunTime:0.0090s ]
SQL: SELECT * FROM `cms_menu` WHERE `status` <> -1 AND `type` = 1 ORDER BY listorder desc,menu_id desc  [ RunTime:0.0010s ]
NOTIC: [8] Array to string conversion C:\phpStudy\PHPTutorial\WWW\thinkcms\Application\Runtime\Cache\Admin\3a437f75b5b60a521a3ad0fc93a5ab5f.php 第 97 行.
INFO: Run Behavior\ParseTemplateBehavior [ RunTime:0.025001s ]
INFO: [ view_parse ] --END-- [ RunTime:0.025001s ]
INFO: [ view_filter ] --START--
INFO: Run Behavior\WriteHtmlCacheBehavior [ RunTime:0.000000s ]
INFO: [ view_filter ] --END-- [ RunTime:0.001000s ]
INFO: [ app_end ] --START--
INFO: Run Behavior\ShowPageTraceBehavior [ RunTime:0.001000s ]
INFO: [ app_end ] --END-- [ RunTime:0.001000s ]

[ 2018-01-05T10:31:35+08:00 ] 127.0.0.1 /admin.php?c=content
INFO: [ app_init ] --START--
INFO: Run Behavior\BuildLiteBehavior [ RunTime:0.000000s ]
INFO: [ app_init ] --END-- [ RunTime:0.001000s ]
INFO: [ app_begin ] --START--
INFO: Run Behavior\ReadHtmlCacheBehavior [ RunTime:0.001000s ]
INFO: [ app_begin ] --END-- [ RunTime:0.001000s ]
NOTIC: [2048] Declaration of Admin\Controller\ContentController::setStatus() should be compatible with Admin\Controller\CommonController::setStatus($data, $models) C:\phpStudy\PHPTutorial\WWW\thinkcms\Application\Admin\Controller\ContentController.class.php 第 12 行.
NOTIC: [2048] Declaration of Admin\Controller\ContentController::listorder() should be compatible with Admin\Controller\CommonController::listorder($model = '') C:\phpStudy\PHPTutorial\WWW\thinkcms\Application\Admin\Controller\ContentController.class.php 第 12 行.
NOTIC: [8] Undefined index: title C:\phpStudy\PHPTutorial\WWW\thinkcms\Application\Admin\Controller\ContentController.class.php 第 16 行.
NOTIC: [8] Undefined index: catid C:\phpStudy\PHPTutorial\WWW\thinkcms\Application\Admin\Controller\ContentController.class.php 第 20 行.
NOTIC: [8] Undefined index: p C:\phpStudy\PHPTutorial\WWW\thinkcms\Application\Admin\Controller\ContentController.class.php 第 24 行.
NOTIC: [2048] Declaration of Common\Model\NewsModel::find() should be compatible with Think\Model::find($options = Array) C:\phpStudy\PHPTutorial\WWW\thinkcms\Application\Common\Model\NewsModel.class.php 第 9 行.
SQL: SHOW COLUMNS FROM `cms_news` [ RunTime:0.0090s ]
SQL: SELECT * FROM `cms_news` WHERE `status` <> -1 ORDER BY listorder desc ,news_id desc LIMIT 0,10   [ RunTime:0.0010s ]
SQL: SELECT COUNT(*) AS tp_count FROM `cms_news` WHERE `status` <> -1 LIMIT 1   [ RunTime:0.0010s ]
NOTIC: [2048] Declaration of Common\Model\PositionModel::find() should be compatible with Think\Model::find($options = Array) C:\phpStudy\PHPTutorial\WWW\thinkcms\Application\Common\Model\PositionModel.class.php 第 81 行.
SQL: SHOW COLUMNS FROM `cms_position` [ RunTime:0.0090s ]
SQL: SELECT * FROM `cms_position` WHERE `status` = 1 ORDER BY id  [ RunTime:0.0010s ]
NOTIC: [2048] Declaration of Common\Model\MenuModel::find() should be compatible with Think\Model::find($options = Array) C:\phpStudy\PHPTutorial\WWW\thinkcms\Application\Common\Model\MenuModel.class.php 第 92 行.
SQL: SHOW COLUMNS FROM `cms_menu` [ RunTime:0.0120s ]
SQL: SELECT * FROM `cms_menu` WHERE `status` = 1 AND `type` = 0 ORDER BY listorder desc,menu_id desc  [ RunTime:0.0010s ]
INFO: [ view_parse ] --START--
INFO: [ template_filter ] --START--
INFO: Run Behavior\ContentReplaceBehavior [ RunTime:0.000000s ]
INFO: [ template_filter ] --END-- [ RunTime:0.000000s ]
SQL: SELECT * FROM `cms_menu` WHERE `status` <> -1 AND `type` = 1 ORDER BY listorder desc,menu_id desc  [ RunTime:0.0010s ]
INFO: Run Behavior\ParseTemplateBehavior [ RunTime:0.021001s ]
INFO: [ view_parse ] --END-- [ RunTime:0.021001s ]
INFO: [ view_filter ] --START--
INFO: Run Behavior\WriteHtmlCacheBehavior [ RunTime:0.001000s ]
INFO: [ view_filter ] --END-- [ RunTime:0.001000s ]
INFO: [ app_end ] --START--
INFO: Run Behavior\ShowPageTraceBehavior [ RunTime:0.001000s ]
INFO: [ app_end ] --END-- [ RunTime:0.001000s ]

[ 2018-01-05T10:31:35+08:00 ] 127.0.0.1 /admin.php?c=menu
INFO: [ app_init ] --START--
INFO: Run Behavior\BuildLiteBehavior [ RunTime:0.000000s ]
INFO: [ app_init ] --END-- [ RunTime:0.001000s ]
INFO: [ app_begin ] --START--
INFO: Run Behavior\ReadHtmlCacheBehavior [ RunTime:0.001000s ]
INFO: [ app_begin ] --END-- [ RunTime:0.001000s ]
NOTIC: [2048] Declaration of Admin\Controller\MenuController::setStatus() should be compatible with Admin\Controller\CommonController::setStatus($data, $models) C:\phpStudy\PHPTutorial\WWW\thinkcms\Application\Admin\Controller\MenuController.class.php 第 9 行.
NOTIC: [2048] Declaration of Admin\Controller\MenuController::listorder() should be compatible with Admin\Controller\CommonController::listorder($model = '') C:\phpStudy\PHPTutorial\WWW\thinkcms\Application\Admin\Controller\MenuController.class.php 第 9 行.
NOTIC: [8] Undefined index: p C:\phpStudy\PHPTutorial\WWW\thinkcms\Application\Admin\Controller\MenuController.class.php 第 52 行.
NOTIC: [8] Undefined index: pageSize C:\phpStudy\PHPTutorial\WWW\thinkcms\Application\Admin\Controller\MenuController.class.php 第 53 行.
NOTIC: [2048] Declaration of Common\Model\MenuModel::find() should be compatible with Think\Model::find($options = Array) C:\phpStudy\PHPTutorial\WWW\thinkcms\Application\Common\Model\MenuModel.class.php 第 5 行.
SQL: SHOW COLUMNS FROM `cms_menu` [ RunTime:0.0080s ]
SQL: SELECT * FROM `cms_menu` WHERE `status` <> -1 ORDER BY listorder desc,menu_id desc LIMIT 0,3   [ RunTime:0.0010s ]
SQL: SELECT COUNT(*) AS tp_count FROM `cms_menu` WHERE `status` <> -1 LIMIT 1   [ RunTime:0.0010s ]
INFO: [ view_parse ] --START--
INFO: [ template_filter ] --START--
INFO: Run Behavior\ContentReplaceBehavior [ RunTime:0.000000s ]
INFO: [ template_filter ] --END-- [ RunTime:0.000000s ]
SQL: SELECT * FROM `cms_menu` WHERE `status` <> -1 AND `type` = 1 ORDER BY listorder desc,menu_id desc  [ RunTime:0.0010s ]
NOTIC: [8] Array to string conversion C:\phpStudy\PHPTutorial\WWW\thinkcms\Application\Runtime\Cache\Admin\b956215329b6f9aca22277599a4efdfc.php 第 102 行.
INFO: Run Behavior\ParseTemplateBehavior [ RunTime:0.017001s ]
INFO: [ view_parse ] --END-- [ RunTime:0.017001s ]
INFO: [ view_filter ] --START--
INFO: Run Behavior\WriteHtmlCacheBehavior [ RunTime:0.000000s ]
INFO: [ view_filter ] --END-- [ RunTime:0.001000s ]
INFO: [ app_end ] --START--
INFO: Run Behavior\ShowPageTraceBehavior [ RunTime:0.000000s ]
INFO: [ app_end ] --END-- [ RunTime:0.000000s ]

[ 2018-01-05T10:31:36+08:00 ] 127.0.0.1 /admin.php
INFO: [ app_init ] --START--
INFO: Run Behavior\BuildLiteBehavior [ RunTime:0.000000s ]
INFO: [ app_init ] --END-- [ RunTime:0.001000s ]
INFO: [ app_begin ] --START--
INFO: Run Behavior\ReadHtmlCacheBehavior [ RunTime:0.001000s ]
INFO: [ app_begin ] --END-- [ RunTime:0.001000s ]
INFO: [ view_parse ] --START--
INFO: [ template_filter ] --START--
INFO: Run Behavior\ContentReplaceBehavior [ RunTime:0.001000s ]
INFO: [ template_filter ] --END-- [ RunTime:0.001000s ]
NOTIC: [2048] Declaration of Common\Model\MenuModel::find() should be compatible with Think\Model::find($options = Array) C:\phpStudy\PHPTutorial\WWW\thinkcms\Application\Common\Model\MenuModel.class.php 第 5 行.
SQL: SHOW COLUMNS FROM `cms_menu` [ RunTime:0.0120s ]
SQL: SELECT * FROM `cms_menu` WHERE `status` <> -1 AND `type` = 1 ORDER BY listorder desc,menu_id desc  [ RunTime:0.0010s ]
NOTIC: [8] Undefined variable: admincount C:\phpStudy\PHPTutorial\WWW\thinkcms\Application\Runtime\Cache\Admin\b595b808c2ebeeeb0478ffc30bb4e87a.php 第 116 行.
NOTIC: [8] Undefined variable: newscount C:\phpStudy\PHPTutorial\WWW\thinkcms\Application\Runtime\Cache\Admin\b595b808c2ebeeeb0478ffc30bb4e87a.php 第 138 行.
NOTIC: [8] Undefined variable: news C:\phpStudy\PHPTutorial\WWW\thinkcms\Application\Runtime\Cache\Admin\b595b808c2ebeeeb0478ffc30bb4e87a.php 第 160 行.
NOTIC: [8] Undefined variable: news C:\phpStudy\PHPTutorial\WWW\thinkcms\Application\Runtime\Cache\Admin\b595b808c2ebeeeb0478ffc30bb4e87a.php 第 165 行.
NOTIC: [8] Undefined variable: news C:\phpStudy\PHPTutorial\WWW\thinkcms\Application\Runtime\Cache\Admin\b595b808c2ebeeeb0478ffc30bb4e87a.php 第 169 行.
NOTIC: [8] Undefined variable: positioncount C:\phpStudy\PHPTutorial\WWW\thinkcms\Application\Runtime\Cache\Admin\b595b808c2ebeeeb0478ffc30bb4e87a.php 第 182 行.
INFO: Run Behavior\ParseTemplateBehavior [ RunTime:0.041002s ]
INFO: [ view_parse ] --END-- [ RunTime:0.041002s ]
INFO: [ view_filter ] --START--
INFO: Run Behavior\WriteHtmlCacheBehavior [ RunTime:0.001000s ]
INFO: [ view_filter ] --END-- [ RunTime:0.001000s ]
INFO: [ app_end ] --START--
INFO: Run Behavior\ShowPageTraceBehavior [ RunTime:0.001000s ]
INFO: [ app_end ] --END-- [ RunTime:0.001000s ]

